<?xml version="1.0" encoding="UTF-8"?>
<testng-results total="0" passed="0" failed="0" skipped="0">
  <reporter-output>
  </reporter-output>
  <suite started-at="2021-12-02T08:15:28Z" name="serverImplementation.ServerTest" finished-at="2021-12-02T08:15:28Z" duration-ms="3">
    <groups>
    </groups>
    <test started-at="2021-12-02T08:15:28Z" name="Command line test" finished-at="2021-12-02T08:15:28Z" duration-ms="3">
    </test> <!-- Command line test -->
  </suite> <!-- serverImplementation.ServerTest -->
</testng-results>
